<?xml version="1.0" encoding="windows-1252" standalone="no"?>
<!DOCTYPE log SYSTEM "logger.dtd">
<log>
<record>
  <date>2022-04-19T12:04:10</date>
  <millis>1650350050062</millis>
  <sequence>0</sequence>
  <logger>com.example.LogtoFile</logger>
  <level>INFO</level>
  <class>com.example.LogtoFile</class>
  <method>main</method>
  <thread>1</thread>
  <message>Try Block Called</message>
</record>
<record>
  <date>2022-04-19T12:04:10</date>
  <millis>1650350050088</millis>
  <sequence>1</sequence>
  <logger>com.example.LogtoFile</logger>
  <level>WARNING</level>
  <class>com.example.LogtoFile</class>
  <method>main</method>
  <thread>1</thread>
  <message>Preetz is a Great Coder</message>
</record>
</log>
